0 info it worked if it ends with ok
1 verbose cli [
1 verbose cli   'C:\\Program Files\\nodejs\\node.exe',
1 verbose cli   'C:\\Program Files\\nodejs\\node_modules\\npm\\bin\\npm-cli.js',
1 verbose cli   'run',
1 verbose cli   'start',
1 verbose cli   '--prefix',
1 verbose cli   'client'
1 verbose cli ]
2 info using npm@6.14.9
3 info using node@v14.15.3
4 verbose run-script [ 'prestart', 'start', 'poststart' ]
5 info lifecycle client@0.1.0~prestart: client@0.1.0
6 info lifecycle client@0.1.0~start: client@0.1.0
7 verbose lifecycle client@0.1.0~start: unsafe-perm in lifecycle true
8 verbose lifecycle client@0.1.0~start: PATH: C:\Program Files\nodejs\node_modules\npm\node_modules\npm-lifecycle\node-gyp-bin;C:\Users\Zeeshan Ahmad\Desktop\temp\AdvancedNodeStarter\client\node_modules\.bin;C:\Program Files\nodejs\node_modules\npm\node_modules\npm-lifecycle\node-gyp-bin;C:\Users\Zeeshan Ahmad\Desktop\temp\AdvancedNodeStarter\node_modules\.bin;C:\Program Files\nodejs\node_modules\npm\node_modules\npm-lifecycle\node-gyp-bin;C:\Users\Zeeshan Ahmad\Desktop\temp\AdvancedNodeStarter\node_modules\.bin;C:\Program Files\Git\mingw64\bin;C:\Program Files\Git\usr\bin;C:\Users\Zeeshan Ahmad\bin;C:\WINDOWS\system32;C:\WINDOWS;C:\WINDOWS\System32\Wbem;C:\WINDOWS\System32\WindowsPowerShell\v1.0;C:\WINDOWS\System32\OpenSSH;C:\Program Files (x86)\Yarn\bin;C:\Program Files\Microsoft VS Code\bin;C:\Program Files\Docker\Docker\resources\bin;C:\ProgramData\DockerDesktop\version-bin;C:\Program Files\Git\cmd;C:\Program Files (x86)\Intel\Intel(R) Management Engine Components\DAL;C:\Program Files\Intel\Intel(R) Management Engine Components\DAL;C:\Program Files\PostgreSQL\12\bin;C:\Program Files\Perforce;C:\ProgramData\chocolatey\bin;C:\Program Files\nodejs;C:\Users\Zeeshan Ahmad\AppData\Local\Programs\Python\Python39;C:\Users\Zeeshan Ahmad\AppData\Local\Programs\Python\Python39\Scripts;C:\Program Files\Redis;C:\Users\Zeeshan Ahmad\AppData\Local\Microsoft\WindowsApps;C:\Users\Zeeshan Ahmad\AppData\Local\Yarn\bin;C:\Program Files\heroku\bin;C:\Users\Zeeshan Ahmad\AppData\Roaming\npm
9 verbose lifecycle client@0.1.0~start: CWD: C:\Users\Zeeshan Ahmad\Desktop\temp\AdvancedNodeStarter\client
10 silly lifecycle client@0.1.0~start: Args: [ '/d /s /c', 'react-scripts start' ]
11 silly lifecycle client@0.1.0~start: Returned: code: 3221225786  signal: null
12 info lifecycle client@0.1.0~start: Failed to exec start script
13 verbose stack Error: client@0.1.0 start: `react-scripts start`
13 verbose stack Exit status 3221225786
13 verbose stack     at EventEmitter.<anonymous> (C:\Program Files\nodejs\node_modules\npm\node_modules\npm-lifecycle\index.js:332:16)
13 verbose stack     at EventEmitter.emit (events.js:315:20)
13 verbose stack     at ChildProcess.<anonymous> (C:\Program Files\nodejs\node_modules\npm\node_modules\npm-lifecycle\lib\spawn.js:55:14)
13 verbose stack     at ChildProcess.emit (events.js:315:20)
13 verbose stack     at maybeClose (internal/child_process.js:1048:16)
13 verbose stack     at Process.ChildProcess._handle.onexit (internal/child_process.js:288:5)
14 verbose pkgid client@0.1.0
15 verbose cwd C:\Users\Zeeshan Ahmad\Desktop\temp\AdvancedNodeStarter
16 verbose Windows_NT 10.0.19042
17 verbose argv "C:\\Program Files\\nodejs\\node.exe" "C:\\Program Files\\nodejs\\node_modules\\npm\\bin\\npm-cli.js" "run" "start" "--prefix" "client"
18 verbose node v14.15.3
19 verbose npm  v6.14.9
20 error code ELIFECYCLE
21 error errno 3221225786
22 error client@0.1.0 start: `react-scripts start`
22 error Exit status 3221225786
23 error Failed at the client@0.1.0 start script.
23 error This is probably not a problem with npm. There is likely additional logging output above.
24 verbose exit [ 3221225786, true ]
